[2022-06-14T23:53:41.693] [INFO] reqLogger - request method: GET
request originalUrl:  /users/userInfo
request client ip:  ::ffff:127.0.0.1
request query:  {}
request time: 1

[2022-06-14T23:54:02.671] [INFO] reqLogger - request method: GET
request originalUrl:  /users/userInfo
request client ip:  ::ffff:127.0.0.1
request query:  {}
request time: 2

[2022-06-14T23:54:07.898] [INFO] reqLogger - request method: GET
request originalUrl:  /users/userInfo
request client ip:  ::ffff:127.0.0.1
request query:  {}
request time: 4

[2022-06-14T23:58:20.639] [INFO] reqLogger - request method: GET
request originalUrl:  /users/userInfo
request client ip:  ::ffff:127.0.0.1
request query:  {}
request time: 2

